[09Jan2025 17:49:03.512] [main/INFO] [cpw.mods.modlauncher.Launcher/MODLAUNCHER]: ModLauncher running: args [--launchTarget, neoforgeclientdev, --version, 21.4.50-beta, --assetIndex, 19, --assetsDir, C:\\Users\\edenj\\.gradle\\caches\\neoformruntime\\assets, --gameDir, ., --fml.fmlVersion, 6.0.4, --fml.mcVersion, 1.21.4, --fml.neoForgeVersion, 21.4.50-beta, --fml.neoFormVersion, 20241203.161809]
[09Jan2025 17:49:03.515] [main/INFO] [cpw.mods.modlauncher.Launcher/MODLAUNCHER]: JVM identified as Oracle Corporation Java HotSpot(TM) 64-Bit Server VM 21.0.4+8-LTS-274
[09Jan2025 17:49:03.518] [main/INFO] [cpw.mods.modlauncher.Launcher/MODLAUNCHER]: ModLauncher 11.0.4+main.d2e20e43 starting: java version 21.0.4 by Oracle Corporation; OS Windows 11 arch amd64 version 10.0
[09Jan2025 17:49:03.630] [main/INFO] [net.neoforged.fml.loading.ImmediateWindowHandler/]: Loading ImmediateWindowProvider fmlearlywindow
[09Jan2025 17:49:03.739] [main/INFO] [EARLYDISPLAY/]: Trying GL version 4.6
[09Jan2025 17:49:03.821] [main/INFO] [EARLYDISPLAY/]: Requested GL version 4.6 got version 4.6
[09Jan2025 17:49:03.995] [main/INFO] [mixin/]: SpongePowered MIXIN Subsystem Version=0.8.7 Source=union:/C:/Users/edenj/.gradle/caches/modules-2/files-2.1/net.fabricmc/sponge-mixin/0.15.2+mixin.0.8.7/2af2f021d8e02a0220dc27a7a72b4666d66d44ca/sponge-mixin-0.15.2+mixin.0.8.7.jar%23162!/ Service=ModLauncher Env=CLIENT
[09Jan2025 17:49:04.070] [pool-2-thread-1/INFO] [EARLYDISPLAY/]: GL info: Intel(R) RaptorLake-S Mobile Graphics Controller GL version 4.6.0 - Build 31.0.101.4575, Intel
[09Jan2025 17:49:04.290] [main/INFO] [net.neoforged.fml.loading.moddiscovery.locators.JarInJarDependencyLocator/]: Found 2 dependencies adding them to mods collection
[09Jan2025 17:49:04.293] [main/INFO] [net.neoforged.fml.loading.moddiscovery.ModDiscoverer/]: 
     Mod List:
		Name Version (Mod Id)

		CameraOverhaulNeoForge 1.5.2 (cameraoverhaulneoforge)
		Minecraft 1.21.4 (minecraft)
		NeoForge 21.4.50-beta (neoforge)
[09Jan2025 17:49:04.881] [main/INFO] [cpw.mods.modlauncher.LaunchServiceHandler/MODLAUNCHER]: Launching target 'neoforgeclientdev' with arguments [--version, 21.4.50-beta, --gameDir, ., --assetsDir, C:\Users\edenj\.gradle\caches\neoformruntime\assets, --assetIndex, 19]
[09Jan2025 17:49:04.945] [main/WARN] [mixin/]: Reference map 'cameraoverhaulneoforge.refmap.json' for cameraoverhaulneoforge.mixins.json could not be read. If this is a development environment you can ignore this message
[09Jan2025 17:49:06.461] [Datafixer Bootstrap/INFO] [com.mojang.datafixers.DataFixerBuilder/]: 246 Datafixer optimizations took 371 milliseconds
[09Jan2025 17:49:06.614] [pool-7-thread-1/INFO] [MixinExtras|Service/]: Initializing MixinExtras via com.llamalad7.mixinextras.service.MixinExtrasServiceImpl(version=0.4.1).
[09Jan2025 17:49:10.735] [main/WARN] [net.minecraft.commands.Commands/]: Ambiguity between arguments [teleport, location] and [teleport, destination] with inputs: [0.1 -0.5 .9, 0 0 0]
[09Jan2025 17:49:10.736] [main/WARN] [net.minecraft.commands.Commands/]: Ambiguity between arguments [teleport, location] and [teleport, targets] with inputs: [0.1 -0.5 .9, 0 0 0]
[09Jan2025 17:49:10.738] [main/WARN] [net.minecraft.commands.Commands/]: Ambiguity between arguments [teleport, destination] and [teleport, targets] with inputs: [Player, 0123, @e, dd12be42-52a9-4a91-a8a1-11c01849e498]
[09Jan2025 17:49:10.739] [main/WARN] [net.minecraft.commands.Commands/]: Ambiguity between arguments [teleport, targets] and [teleport, destination] with inputs: [Player, 0123, dd12be42-52a9-4a91-a8a1-11c01849e498]
[09Jan2025 17:49:10.739] [main/WARN] [net.minecraft.commands.Commands/]: Ambiguity between arguments [teleport, targets, location] and [teleport, targets, destination] with inputs: [0.1 -0.5 .9, 0 0 0]
[09Jan2025 17:49:10.857] [Render thread/WARN] [net.minecraft.server.packs.VanillaPackResourcesBuilder/]: Assets URL 'union:/C:/Users/edenj/IdeaProjects/CameraOverhaulNeoForge/build/moddev/artifacts/neoforge-21.4.50-beta.jar%23215!/assets/.mcassetsroot' uses unexpected schema
[09Jan2025 17:49:10.857] [Render thread/WARN] [net.minecraft.server.packs.VanillaPackResourcesBuilder/]: Assets URL 'union:/C:/Users/edenj/IdeaProjects/CameraOverhaulNeoForge/build/moddev/artifacts/neoforge-21.4.50-beta.jar%23215!/data/.mcassetsroot' uses unexpected schema
[09Jan2025 17:49:10.880] [Render thread/INFO] [com.mojang.authlib.yggdrasil.YggdrasilAuthenticationService/]: Environment: Environment[sessionHost=https://sessionserver.mojang.com, servicesHost=https://api.minecraftservices.com, name=PROD]
[09Jan2025 17:49:10.887] [Render thread/INFO] [net.minecraft.client.Minecraft/]: Setting user: Dev
[09Jan2025 17:49:10.956] [Render thread/INFO] [net.minecraft.client.Minecraft/]: Backend library: LWJGL version 3.3.3+5
[09Jan2025 17:49:11.130] [modloading-worker-0/INFO] [net.neoforged.neoforge.common.NeoForgeMod/NEOFORGE-MOD]: NeoForge mod loading, version 21.4.50-beta, for MC 1.21.4
[09Jan2025 17:49:11.796] [Render thread/INFO] [net.neoforged.neoforge.gametest.GameTestHooks/]: Enabled Gametest Namespaces: [cameraoverhaulneoforge]
[09Jan2025 17:49:11.891] [Render thread/INFO] [net.minecraft.server.packs.resources.ReloadableResourceManager/]: Reloading ResourceManager: vanilla, mod_resources, mod/cameraoverhaulneoforge, mod/neoforge
[09Jan2025 17:49:11.986] [resourceLoad/INFO] [net.minecraft.client.gui.font.providers.UnihexProvider/]: Found unifont_jp_patch-16.0.01.hex, loading
[09Jan2025 17:49:11.986] [resourceLoad/INFO] [net.minecraft.client.gui.font.providers.UnihexProvider/]: Found unifont_all_no_pua-16.0.01.hex, loading
[09Jan2025 17:49:12.058] [resourceLoad/INFO] [io.github.AvacadoWizard120.cameraoverhaulneoforge.Cameraoverhaulneoforge/]: Client setup event triggered!
[09Jan2025 17:49:12.058] [resourceLoad/INFO] [io.github.AvacadoWizard120.cameraoverhaulneoforge.Cameraoverhaulneoforge/]: Initializing client...
[09Jan2025 17:49:12.072] [resourceLoad/INFO] [io.github.AvacadoWizard120.cameraoverhaulneoforge.Cameraoverhaulneoforge/]: Camera system initialized: io.github.AvacadoWizard120.cameraoverhaulneoforge.CameraSystem@af9b0da
[09Jan2025 17:49:13.980] [Render thread/INFO] [com.mojang.blaze3d.audio.Library/]: OpenAL initialized on device OpenAL Soft on Speakers (Realtek(R) Audio)
[09Jan2025 17:49:13.981] [Render thread/INFO] [net.minecraft.client.sounds.SoundEngine/SOUNDS]: Sound engine started
[09Jan2025 17:49:14.046] [Render thread/INFO] [net.minecraft.client.renderer.texture.TextureAtlas/]: Created: 1024x512x4 minecraft:textures/atlas/blocks.png-atlas
[09Jan2025 17:49:14.596] [Render thread/INFO] [net.minecraft.client.renderer.texture.TextureAtlas/]: Created: 256x256x4 minecraft:textures/atlas/signs.png-atlas
[09Jan2025 17:49:14.631] [Render thread/INFO] [net.minecraft.client.renderer.texture.TextureAtlas/]: Created: 512x512x4 minecraft:textures/atlas/shield_patterns.png-atlas
[09Jan2025 17:49:14.685] [Render thread/INFO] [net.minecraft.client.renderer.texture.TextureAtlas/]: Created: 512x512x4 minecraft:textures/atlas/banner_patterns.png-atlas
[09Jan2025 17:49:14.744] [Render thread/INFO] [net.minecraft.client.renderer.texture.TextureAtlas/]: Created: 2048x1024x4 minecraft:textures/atlas/armor_trims.png-atlas
[09Jan2025 17:49:15.495] [Render thread/INFO] [net.minecraft.client.renderer.texture.TextureAtlas/]: Created: 128x64x4 minecraft:textures/atlas/decorated_pot.png-atlas
[09Jan2025 17:49:15.498] [Render thread/INFO] [net.minecraft.client.renderer.texture.TextureAtlas/]: Created: 256x256x4 minecraft:textures/atlas/chest.png-atlas
[09Jan2025 17:49:15.499] [Render thread/INFO] [net.minecraft.client.renderer.texture.TextureAtlas/]: Created: 512x256x4 minecraft:textures/atlas/beds.png-atlas
[09Jan2025 17:49:15.501] [Render thread/INFO] [net.minecraft.client.renderer.texture.TextureAtlas/]: Created: 512x256x4 minecraft:textures/atlas/shulker_boxes.png-atlas
[09Jan2025 17:49:15.505] [Render thread/INFO] [net.minecraft.client.renderer.texture.TextureAtlas/]: Created: 64x64x0 minecraft:textures/atlas/map_decorations.png-atlas
[09Jan2025 17:49:15.632] [Render thread/INFO] [net.minecraft.client.renderer.texture.TextureAtlas/]: Created: 512x256x0 minecraft:textures/atlas/particles.png-atlas
[09Jan2025 17:49:15.637] [Render thread/INFO] [net.minecraft.client.renderer.texture.TextureAtlas/]: Created: 512x256x0 minecraft:textures/atlas/paintings.png-atlas
[09Jan2025 17:49:15.638] [Render thread/INFO] [net.minecraft.client.renderer.texture.TextureAtlas/]: Created: 256x128x0 minecraft:textures/atlas/mob_effects.png-atlas
[09Jan2025 17:49:15.639] [Render thread/INFO] [net.minecraft.client.renderer.texture.TextureAtlas/]: Created: 1024x512x0 minecraft:textures/atlas/gui.png-atlas
[09Jan2025 17:49:15.662] [Render thread/INFO] [net.neoforged.neoforge.client.entity.animation.json.AnimationLoader/]: Loaded 0 entity animations
[09Jan2025 17:49:27.371] [Render thread/INFO] [net.minecraft.world.item.crafting.RecipeManager/]: Loaded 1370 recipes
[09Jan2025 17:49:27.384] [Render thread/INFO] [net.minecraft.advancements.AdvancementTree/]: Loaded 1481 advancements
[09Jan2025 17:49:29.674] [Server thread/INFO] [net.minecraft.client.server.IntegratedServer/]: Starting integrated minecraft server version 1.21.4
[09Jan2025 17:49:29.674] [Server thread/INFO] [net.minecraft.server.MinecraftServer/]: Generating keypair
[09Jan2025 17:49:30.367] [Server thread/INFO] [net.minecraft.server.MinecraftServer/]: Preparing start region for dimension minecraft:overworld
[09Jan2025 17:49:30.417] [progressListener/INFO] [net.minecraft.server.level.progress.LoggerChunkProgressListener/]: Preparing spawn area: 2%
[09Jan2025 17:49:30.768] [progressListener/INFO] [net.minecraft.server.level.progress.LoggerChunkProgressListener/]: Time elapsed: 392 ms
[09Jan2025 17:49:30.771] [Server thread/INFO] [net.neoforged.neoforge.server.permission.PermissionAPI/]: Successfully initialized permission handler neoforge:default_handler
[09Jan2025 17:49:30.809] [Server thread/INFO] [net.minecraft.client.server.IntegratedServer/]: Changing view distance to 12, from 10
[09Jan2025 17:49:30.809] [Server thread/INFO] [net.minecraft.client.server.IntegratedServer/]: Changing simulation distance to 12, from 0
[09Jan2025 17:49:31.448] [Server thread/INFO] [net.minecraft.server.players.PlayerList/]: Dev[local:E:fde1b5e5] logged in with entity id 1 at (8.5, 56.0, 10.5)
[09Jan2025 17:49:31.487] [Server thread/INFO] [net.minecraft.server.MinecraftServer/]: Dev joined the game
[09Jan2025 17:49:31.597] [Render thread/INFO] [net.minecraft.advancements.AdvancementTree/]: Loaded 2 advancements
[09Jan2025 17:49:38.033] [Render thread/INFO] [net.minecraft.advancements.AdvancementTree/]: Loaded 13 advancements
[09Jan2025 17:49:44.925] [Server thread/INFO] [net.minecraft.client.server.IntegratedServer/]: Saving and pausing game...
[09Jan2025 17:49:44.941] [Server thread/INFO] [net.minecraft.server.MinecraftServer/]: Saving chunks for level 'ServerLevel[New World]'/minecraft:overworld
[09Jan2025 17:49:44.948] [Server thread/INFO] [net.minecraft.server.MinecraftServer/]: Saving chunks for level 'ServerLevel[New World]'/minecraft:the_end
[09Jan2025 17:49:44.948] [Server thread/INFO] [net.minecraft.server.MinecraftServer/]: Saving chunks for level 'ServerLevel[New World]'/minecraft:the_nether
[09Jan2025 17:49:45.825] [Server thread/INFO] [net.minecraft.server.network.ServerGamePacketListenerImpl/]: Dev lost connection: Disconnected
[09Jan2025 17:49:45.826] [Server thread/INFO] [net.minecraft.server.MinecraftServer/]: Dev left the game
[09Jan2025 17:49:45.839] [Server thread/INFO] [net.minecraft.server.network.ServerCommonPacketListenerImpl/]: Stopping singleplayer server as player logged out
[09Jan2025 17:49:45.874] [Server thread/INFO] [net.minecraft.server.MinecraftServer/]: Stopping server
[09Jan2025 17:49:45.874] [Server thread/INFO] [net.minecraft.server.MinecraftServer/]: Saving players
[09Jan2025 17:49:45.874] [Server thread/INFO] [net.minecraft.server.MinecraftServer/]: Saving worlds
[09Jan2025 17:49:46.773] [Server thread/INFO] [net.minecraft.server.MinecraftServer/]: Saving chunks for level 'ServerLevel[New World]'/minecraft:overworld
[09Jan2025 17:49:46.790] [Server thread/INFO] [net.minecraft.server.MinecraftServer/]: Saving chunks for level 'ServerLevel[New World]'/minecraft:the_end
[09Jan2025 17:49:46.792] [Server thread/INFO] [net.minecraft.server.MinecraftServer/]: Saving chunks for level 'ServerLevel[New World]'/minecraft:the_nether
[09Jan2025 17:49:46.798] [Server thread/INFO] [net.minecraft.server.MinecraftServer/]: ThreadedAnvilChunkStorage (New World (1)): All chunks are saved
[09Jan2025 17:49:46.798] [Server thread/INFO] [net.minecraft.server.MinecraftServer/]: ThreadedAnvilChunkStorage (DIM1): All chunks are saved
[09Jan2025 17:49:46.798] [Server thread/INFO] [net.minecraft.server.MinecraftServer/]: ThreadedAnvilChunkStorage (DIM-1): All chunks are saved
[09Jan2025 17:49:46.798] [Server thread/INFO] [net.minecraft.server.MinecraftServer/]: ThreadedAnvilChunkStorage: All dimensions are saved
[09Jan2025 17:49:47.675] [Render thread/INFO] [net.minecraft.client.Minecraft/]: Stopping!
